<?xml version="1.0" encoding="UTF-8" ?>
<testsuite tests="6" failures="3" name="TestSuite" time="42.236" errors="0" skipped="0">
  <properties>
[...]
</properties>
  <testcase classname="testCase.loginCase" name="login" time="1.087"/>
  <testcase classname="testCase.loginCase" name="login" time="0.467"/>
  <testcase classname="testCase.loginCase" name="login" time="0.418"/>
  <testcase classname="testCase.loginCase" name="login" time="8.322">
    <failure message="expected [true] but found [false]" type="java.lang.AssertionError">java.lang.AssertionError: expected [true] but found [false]
	at org.testng.Assert.fail(Assert.java:94)
	at org.testng.Assert.failNotEquals(Assert.java:494)
	at org.testng.Assert.assertTrue(Assert.java:42)
	at org.testng.Assert.assertTrue(Assert.java:52)
	at util.Assertion.assertUrlContains(Assertion.java:27)
	at testCase.loginCase.login(loginCase.java:30)
</failure>
  </testcase>
  <testcase classname="testCase.loginCase" name="login" time="8.334">
    <failure message="expected [true] but found [false]" type="java.lang.AssertionError">java.lang.AssertionError: expected [true] but found [false]
	at org.testng.Assert.fail(Assert.java:94)
	at org.testng.Assert.failNotEquals(Assert.java:494)
	at org.testng.Assert.assertTrue(Assert.java:42)
	at org.testng.Assert.assertTrue(Assert.java:52)
	at util.Assertion.assertUrlContains(Assertion.java:27)
	at testCase.loginCase.login(loginCase.java:30)
</failure>
  </testcase>
  <testcase classname="testCase.loginCase" name="loginTrue" time="8.285">
    <failure message="expected [true] but found [false]" type="java.lang.AssertionError">java.lang.AssertionError: expected [true] but found [false]
	at org.testng.Assert.fail(Assert.java:94)
	at org.testng.Assert.failNotEquals(Assert.java:494)
	at org.testng.Assert.assertTrue(Assert.java:42)
	at org.testng.Assert.assertTrue(Assert.java:52)
	at util.Assertion.assertUrlContains(Assertion.java:27)
	at testCase.loginCase.loginTrue(loginCase.java:48)
</failure>
  </testcase>
</testsuite>